[0.009s] Invoking command in '/home/riplab/IIR_ws/build/iir_base': CMAKE_PREFIX_PATH=${CMAKE_PREFIX_PATH}:/opt/ros/jazzy DEBUGINFOD_URLS=https://debuginfod.ubuntu.com /usr/bin/cmake --build /home/riplab/IIR_ws/build/iir_base -- -j16 -l16
[0.037s] Invoked command in '/home/riplab/IIR_ws/build/iir_base' returned '0': CMAKE_PREFIX_PATH=${CMAKE_PREFIX_PATH}:/opt/ros/jazzy DEBUGINFOD_URLS=https://debuginfod.ubuntu.com /usr/bin/cmake --build /home/riplab/IIR_ws/build/iir_base -- -j16 -l16
[0.059s] Invoking command in '/home/riplab/IIR_ws/build/iir_base': CMAKE_PREFIX_PATH=${CMAKE_PREFIX_PATH}:/opt/ros/jazzy DEBUGINFOD_URLS=https://debuginfod.ubuntu.com /usr/bin/cmake --install /home/riplab/IIR_ws/build/iir_base
[0.064s] -- Install configuration: ""
[0.064s] -- Up-to-date: /home/riplab/IIR_ws/install/iir_base/share/iir_base/urdf
[0.064s] -- Installing: /home/riplab/IIR_ws/install/iir_base/share/iir_base/urdf/iirbot.ros2_control.xacro
[0.065s] -- Installing: /home/riplab/IIR_ws/install/iir_base/share/iir_base/urdf/iirbot.urdf.xacro
[0.065s] -- Installing: /home/riplab/IIR_ws/install/iir_base/share/iir_base/urdf/iir_description.urdf.xacro
[0.065s] -- Up-to-date: /home/riplab/IIR_ws/install/iir_base/share/iir_base/urdf/iir.materials.xacro
[0.065s] -- Up-to-date: /home/riplab/IIR_ws/install/iir_base/share/ament_index/resource_index/package_run_dependencies/iir_base
[0.065s] -- Up-to-date: /home/riplab/IIR_ws/install/iir_base/share/ament_index/resource_index/parent_prefix_path/iir_base
[0.065s] -- Up-to-date: /home/riplab/IIR_ws/install/iir_base/share/iir_base/environment/ament_prefix_path.sh
[0.065s] -- Up-to-date: /home/riplab/IIR_ws/install/iir_base/share/iir_base/environment/ament_prefix_path.dsv
[0.065s] -- Up-to-date: /home/riplab/IIR_ws/install/iir_base/share/iir_base/environment/path.sh
[0.065s] -- Up-to-date: /home/riplab/IIR_ws/install/iir_base/share/iir_base/environment/path.dsv
[0.065s] -- Up-to-date: /home/riplab/IIR_ws/install/iir_base/share/iir_base/local_setup.bash
[0.065s] -- Up-to-date: /home/riplab/IIR_ws/install/iir_base/share/iir_base/local_setup.sh
[0.065s] -- Up-to-date: /home/riplab/IIR_ws/install/iir_base/share/iir_base/local_setup.zsh
[0.065s] -- Up-to-date: /home/riplab/IIR_ws/install/iir_base/share/iir_base/local_setup.dsv
[0.065s] -- Installing: /home/riplab/IIR_ws/install/iir_base/share/iir_base/package.dsv
[0.066s] -- Up-to-date: /home/riplab/IIR_ws/install/iir_base/share/ament_index/resource_index/packages/iir_base
[0.066s] -- Up-to-date: /home/riplab/IIR_ws/install/iir_base/share/iir_base/cmake/iir_baseConfig.cmake
[0.066s] -- Up-to-date: /home/riplab/IIR_ws/install/iir_base/share/iir_base/cmake/iir_baseConfig-version.cmake
[0.066s] -- Up-to-date: /home/riplab/IIR_ws/install/iir_base/share/iir_base/package.xml
[0.066s] Invoked command in '/home/riplab/IIR_ws/build/iir_base' returned '0': CMAKE_PREFIX_PATH=${CMAKE_PREFIX_PATH}:/opt/ros/jazzy DEBUGINFOD_URLS=https://debuginfod.ubuntu.com /usr/bin/cmake --install /home/riplab/IIR_ws/build/iir_base
