[0.011s] Invoking command in '/home/riplab/IIR_ws/build/iir_base': CMAKE_PREFIX_PATH=${CMAKE_PREFIX_PATH}:/opt/ros/jazzy DEBUGINFOD_URLS=https://debuginfod.ubuntu.com /usr/bin/cmake /home/riplab/IIR_ws/src/IIR_base -DCMAKE_INSTALL_PREFIX=/home/riplab/IIR_ws/install/iir_base
[0.052s] -- The C compiler identification is GNU 13.2.0
[0.094s] -- The CXX compiler identification is GNU 13.2.0
[0.105s] -- Detecting C compiler ABI info
[0.169s] -- Detecting C compiler ABI info - done
[0.177s] -- Check for working C compiler: /usr/bin/cc - skipped
[0.178s] -- Detecting C compile features
[0.178s] -- Detecting C compile features - done
[0.185s] -- Detecting CXX compiler ABI info
[0.289s] -- Detecting CXX compiler ABI info - done
[0.300s] -- Check for working CXX compiler: /usr/bin/c++ - skipped
[0.300s] -- Detecting CXX compile features
[0.301s] -- Detecting CXX compile features - done
[0.304s] -- Found ament_cmake: 2.5.2 (/opt/ros/jazzy/share/ament_cmake/cmake)
[0.433s] -- Found Python3: /usr/bin/python3 (found version "3.12.3") found components: Interpreter 
[0.524s] -- Found ament_lint_auto: 0.17.1 (/opt/ros/jazzy/share/ament_lint_auto/cmake)
[0.603s] -- Added test 'lint_cmake' to check CMake code style
[0.604s] -- Added test 'xmllint' to check XML markup files
[0.605s] -- Configuring done (0.6s)
[0.608s] -- Generating done (0.0s)
[0.608s] -- Build files have been written to: /home/riplab/IIR_ws/build/iir_base
[0.611s] Invoked command in '/home/riplab/IIR_ws/build/iir_base' returned '0': CMAKE_PREFIX_PATH=${CMAKE_PREFIX_PATH}:/opt/ros/jazzy DEBUGINFOD_URLS=https://debuginfod.ubuntu.com /usr/bin/cmake /home/riplab/IIR_ws/src/IIR_base -DCMAKE_INSTALL_PREFIX=/home/riplab/IIR_ws/install/iir_base
[0.612s] Invoking command in '/home/riplab/IIR_ws/build/iir_base': CMAKE_PREFIX_PATH=${CMAKE_PREFIX_PATH}:/opt/ros/jazzy DEBUGINFOD_URLS=https://debuginfod.ubuntu.com /usr/bin/cmake --build /home/riplab/IIR_ws/build/iir_base -- -j16 -l16
[0.639s] Invoked command in '/home/riplab/IIR_ws/build/iir_base' returned '0': CMAKE_PREFIX_PATH=${CMAKE_PREFIX_PATH}:/opt/ros/jazzy DEBUGINFOD_URLS=https://debuginfod.ubuntu.com /usr/bin/cmake --build /home/riplab/IIR_ws/build/iir_base -- -j16 -l16
[0.660s] Invoking command in '/home/riplab/IIR_ws/build/iir_base': CMAKE_PREFIX_PATH=${CMAKE_PREFIX_PATH}:/opt/ros/jazzy DEBUGINFOD_URLS=https://debuginfod.ubuntu.com /usr/bin/cmake --install /home/riplab/IIR_ws/build/iir_base
[0.667s] -- Install configuration: ""
[0.667s] [31mCMake Error at cmake_install.cmake:46 (file):
[0.667s]   file INSTALL cannot find "/home/riplab/IIR_ws/src/IIR_base/urdf": No such
[0.667s]   file or directory.
[0.667s] 
[0.667s] [0m
[0.668s] Invoked command in '/home/riplab/IIR_ws/build/iir_base' returned '1': CMAKE_PREFIX_PATH=${CMAKE_PREFIX_PATH}:/opt/ros/jazzy DEBUGINFOD_URLS=https://debuginfod.ubuntu.com /usr/bin/cmake --install /home/riplab/IIR_ws/build/iir_base
